<?xml version="1.0" encoding="UTF-8"?>
<!-- Generated by org.testng.reporters.JUnitXMLReporter -->
<testsuite ignored="3" hostname="LAPTOP-EP5TPTKL" failures="2" tests="2" name="Positive Test Scenarios" time="10.898" errors="0" timestamp="2025-01-18T10:24:33 EET">
  <testcase classname="UserStories.Tests.UserStory1" name="userStoryPositiveTest" time="5.536">
    <failure type="java.lang.NullPointerException" message="Cannot invoke &amp;quot;org.openqa.selenium.WebElement.click()&amp;quot; because &amp;quot;attributeToBeClicked&amp;quot; is null">
      <![CDATA[java.lang.NullPointerException: Cannot invoke "org.openqa.selenium.WebElement.click()" because "attributeToBeClicked" is null
at UserStories.PagesObjects.SideCoulmnWhenSignedIn.clickOn(SideCoulmnWhenSignedIn.java:35)
at UserStories.Tests.UserStory1.userStoryPositiveTest(UserStory1.java:44)
at java.base/java.util.ArrayList.forEach(ArrayList.java:1596)
... Removed 25 stack frames]]>
    </failure>
  </testcase> <!-- userStoryPositiveTest -->
  <testcase classname="UserStories.Tests.UserStory1" name="userStoryPositiveTest" time="4.961">
    <failure type="java.lang.NullPointerException" message="Cannot invoke &amp;quot;org.openqa.selenium.WebElement.click()&amp;quot; because &amp;quot;attributeToBeClicked&amp;quot; is null">
      <![CDATA[java.lang.NullPointerException: Cannot invoke "org.openqa.selenium.WebElement.click()" because "attributeToBeClicked" is null
at UserStories.PagesObjects.SideCoulmnWhenSignedIn.clickOn(SideCoulmnWhenSignedIn.java:35)
at UserStories.Tests.UserStory1.userStoryPositiveTest(UserStory1.java:44)
at java.base/java.util.ArrayList.forEach(ArrayList.java:1596)
... Removed 25 stack frames]]>
    </failure>
  </testcase> <!-- userStoryPositiveTest -->
  <testcase classname="UserStories.Tests.UserStory1" name="userStoryNegativeEmailTest" time="0.0">
    <ignored/>
  </testcase> <!-- userStoryNegativeEmailTest -->
  <testcase classname="UserStories.Tests.UserStory1" name="userStoryNegativePasswordTest" time="0.0">
    <ignored/>
  </testcase> <!-- userStoryNegativePasswordTest -->
  <testcase classname="UserStories.Tests.UserStory1" name="userStoryPasswordNotMatchingTest" time="0.0">
    <ignored/>
  </testcase> <!-- userStoryPasswordNotMatchingTest -->
</testsuite> <!-- Positive Test Scenarios -->
